<?xml version="1.0" encoding="UTF-8"?>
<!-- Generated by org.testng.reporters.JUnitXMLReporter -->
<testsuite hostname="IN-70MYP72" name="RegressionTest" tests="4" failures="0" timestamp="29 Oct 2018 17:13:15 GMT" time="71.12" errors="0">
  <testcase name="testHomePage" time="16.139" classname="testcases.VerifyLoginPage"/>
  <testcase name="testHomePage" time="15.342" classname="testcases.VerifyLoginPageWithReport"/>
  <testcase name="testHomePage" time="0.008" classname="testcases.VerifyHomePage"/>
  <testcase name="testHomePage" time="15.06" classname="testcases.VerifyLoginPageWithReport1"/>
</testsuite> <!-- RegressionTest -->
